<?xml version="1.0" encoding="UTF-8"?>
<!-- Generated by org.testng.reporters.JUnitReportReporter -->
<testsuite skipped="0" hostname="SaurabhGupta" name="Work.Login" tests="1" failures="0" timestamp="2020-07-03T15:23:01 IST" time="26.924" errors="0">
  <testcase name="Login" time="26.924" classname="Work.Login"/>
</testsuite> <!-- Work.Login -->
